

================================================================
== Vivado HLS Report for 'Block_Mat_exit49_pro'
================================================================
* Date:           Wed Jul 29 15:02:59 2020

* Version:        2018.3 (Build 2405991 on Thu Dec 06 23:56:15 MST 2018)
* Project:        sobel_hls
* Solution:       solution1
* Product family: zynq
* Target device:  xc7z020clg400-2


================================================================
== Performance Estimates
================================================================
+ Timing (ns): 
    * Summary: 
    +--------+-------+----------+------------+
    |  Clock | Target| Estimated| Uncertainty|
    +--------+-------+----------+------------+
    |ap_clk  |  10.00|     3.401|        1.25|
    +--------+-------+----------+------------+

+ Latency (clock cycles): 
    * Summary: 
    +-----+-----+-----+-----+---------+
    |  Latency  |  Interval | Pipeline|
    | min | max | min | max |   Type  |
    +-----+-----+-----+-----+---------+
    |    0|    0|    0|    0|   none  |
    +-----+-----+-----+-----+---------+

    + Detail: 
        * Instance: 
        N/A

        * Loop: 
        N/A

============================================================
+ Verbose Summary: Synthesis Manager
============================================================
InlineROM: 1
ExposeGlobal: 0
============================================================
+ Verbose Summary: CDFG Model
============================================================
IsTopModel: 0
ResetActiveHigh: 1
IsCombinational: 2
IsDatapathOnly: 0
HasWiredReturn: 1
HasMFsm: 0
HasVarLatency: 0
IsPipeline: 0
IsRtlPipelined: 0
IsInstanceOverlapped: 0
IsDontTouch: 0
HasImplIP: 0
IsGatedGlobalClock: 0


============================================================
+ Verbose Summary: Schedule
============================================================
* Number of FSM states : 1
* Pipeline : 0
* Dataflow Pipeline: 0

* FSM state transitions: 
1 --> 

* FSM state operations: 

State 1 <SV = 0> <Delay = 3.40>
ST_1 : Operation 2 [1/1] (0.00ns)   --->   "call void (...)* @_ssdm_op_SpecInterface(i32* %img_3_cols_V_out, [8 x i8]* @ap_fifo_str, i32 0, i32 0, [1 x i8]* @p_str206, i32 0, i32 0, [1 x i8]* @p_str207, [1 x i8]* @p_str208, [1 x i8]* @p_str209, i32 2, i32 2, i32 16, i32 16, [1 x i8]* @p_str210, [1 x i8]* @p_str211)"   --->   Operation 2 'specinterface' <Predicate = true> <Delay = 0.00>
ST_1 : Operation 3 [1/1] (0.00ns)   --->   "call void (...)* @_ssdm_op_SpecInterface(i32* %img_3_rows_V_out, [8 x i8]* @ap_fifo_str, i32 0, i32 0, [1 x i8]* @p_str200, i32 0, i32 0, [1 x i8]* @p_str201, [1 x i8]* @p_str202, [1 x i8]* @p_str203, i32 2, i32 2, i32 16, i32 16, [1 x i8]* @p_str204, [1 x i8]* @p_str205)"   --->   Operation 3 'specinterface' <Predicate = true> <Delay = 0.00>
ST_1 : Operation 4 [1/1] (0.00ns)   --->   "call void (...)* @_ssdm_op_SpecInterface(i32* %img_2_cols_V_out, [8 x i8]* @ap_fifo_str, i32 0, i32 0, [1 x i8]* @p_str194, i32 0, i32 0, [1 x i8]* @p_str195, [1 x i8]* @p_str196, [1 x i8]* @p_str197, i32 2, i32 2, i32 16, i32 16, [1 x i8]* @p_str198, [1 x i8]* @p_str199)"   --->   Operation 4 'specinterface' <Predicate = true> <Delay = 0.00>
ST_1 : Operation 5 [1/1] (0.00ns)   --->   "call void (...)* @_ssdm_op_SpecInterface(i32* %img_2_rows_V_out, [8 x i8]* @ap_fifo_str, i32 0, i32 0, [1 x i8]* @p_str188, i32 0, i32 0, [1 x i8]* @p_str189, [1 x i8]* @p_str190, [1 x i8]* @p_str191, i32 2, i32 2, i32 16, i32 16, [1 x i8]* @p_str192, [1 x i8]* @p_str193)"   --->   Operation 5 'specinterface' <Predicate = true> <Delay = 0.00>
ST_1 : Operation 6 [1/1] (0.00ns)   --->   "call void (...)* @_ssdm_op_SpecInterface(i32* %img_1_cols_V_out, [8 x i8]* @ap_fifo_str, i32 0, i32 0, [1 x i8]* @p_str182, i32 0, i32 0, [1 x i8]* @p_str183, [1 x i8]* @p_str184, [1 x i8]* @p_str185, i32 2, i32 2, i32 16, i32 16, [1 x i8]* @p_str186, [1 x i8]* @p_str187)"   --->   Operation 6 'specinterface' <Predicate = true> <Delay = 0.00>
ST_1 : Operation 7 [1/1] (0.00ns)   --->   "call void (...)* @_ssdm_op_SpecInterface(i32* %img_1_rows_V_out, [8 x i8]* @ap_fifo_str, i32 0, i32 0, [1 x i8]* @p_str176, i32 0, i32 0, [1 x i8]* @p_str177, [1 x i8]* @p_str178, [1 x i8]* @p_str179, i32 2, i32 2, i32 16, i32 16, [1 x i8]* @p_str180, [1 x i8]* @p_str181)"   --->   Operation 7 'specinterface' <Predicate = true> <Delay = 0.00>
ST_1 : Operation 8 [1/1] (0.00ns)   --->   "call void (...)* @_ssdm_op_SpecInterface(i32* %img_0_cols_V_out, [8 x i8]* @ap_fifo_str, i32 0, i32 0, [1 x i8]* @p_str170, i32 0, i32 0, [1 x i8]* @p_str171, [1 x i8]* @p_str172, [1 x i8]* @p_str173, i32 2, i32 2, i32 16, i32 16, [1 x i8]* @p_str174, [1 x i8]* @p_str175)"   --->   Operation 8 'specinterface' <Predicate = true> <Delay = 0.00>
ST_1 : Operation 9 [1/1] (0.00ns)   --->   "call void (...)* @_ssdm_op_SpecInterface(i32* %img_0_rows_V_out, [8 x i8]* @ap_fifo_str, i32 0, i32 0, [1 x i8]* @p_str164, i32 0, i32 0, [1 x i8]* @p_str165, [1 x i8]* @p_str166, [1 x i8]* @p_str167, i32 2, i32 2, i32 16, i32 16, [1 x i8]* @p_str168, [1 x i8]* @p_str169)"   --->   Operation 9 'specinterface' <Predicate = true> <Delay = 0.00>
ST_1 : Operation 10 [1/1] (0.00ns)   --->   "%cols_read = call i32 @_ssdm_op_Read.ap_auto.i32(i32 %cols)" [sobel_hls/src/ov5640_sobel.cpp:17]   --->   Operation 10 'read' 'cols_read' <Predicate = true> <Delay = 0.00>
ST_1 : Operation 11 [1/1] (0.00ns)   --->   "%rows_read = call i32 @_ssdm_op_Read.ap_auto.i32(i32 %rows)" [sobel_hls/src/ov5640_sobel.cpp:17]   --->   Operation 11 'read' 'rows_read' <Predicate = true> <Delay = 0.00>
ST_1 : Operation 12 [1/1] (3.40ns)   --->   "call void @_ssdm_op_Write.ap_fifo.i32P(i32* %img_0_rows_V_out, i32 %rows_read)" [D:/vivado/Vivado/2018.3/common/technology/autopilot/hls/hls_video_core.h:656->D:/vivado/Vivado/2018.3/common/technology/autopilot/hls/hls_video_core.h:642->D:/vivado/Vivado/2018.3/common/technology/autopilot/hls/hls_video_core.h:643->sobel_hls/src/ov5640_sobel.cpp:17]   --->   Operation 12 'write' <Predicate = true> <Delay = 3.40> <Core = "FIFO">   --->   Core 32 'FIFO' <Latency = 0> <II = 1> <Delay = 3.40> <Storage> <Opcode : 'read' 'write' 'nbread' 'nbwrite'> <Ports = 0> <Width = 32> <Depth = 2> <FIFO>
ST_1 : Operation 13 [1/1] (3.40ns)   --->   "call void @_ssdm_op_Write.ap_fifo.i32P(i32* %img_0_cols_V_out, i32 %cols_read)" [D:/vivado/Vivado/2018.3/common/technology/autopilot/hls/hls_video_core.h:657->D:/vivado/Vivado/2018.3/common/technology/autopilot/hls/hls_video_core.h:642->D:/vivado/Vivado/2018.3/common/technology/autopilot/hls/hls_video_core.h:643->sobel_hls/src/ov5640_sobel.cpp:17]   --->   Operation 13 'write' <Predicate = true> <Delay = 3.40> <Core = "FIFO">   --->   Core 32 'FIFO' <Latency = 0> <II = 1> <Delay = 3.40> <Storage> <Opcode : 'read' 'write' 'nbread' 'nbwrite'> <Ports = 0> <Width = 32> <Depth = 2> <FIFO>
ST_1 : Operation 14 [1/1] (3.40ns)   --->   "call void @_ssdm_op_Write.ap_fifo.i32P(i32* %img_1_rows_V_out, i32 %rows_read)" [D:/vivado/Vivado/2018.3/common/technology/autopilot/hls/hls_video_core.h:656->D:/vivado/Vivado/2018.3/common/technology/autopilot/hls/hls_video_core.h:642->D:/vivado/Vivado/2018.3/common/technology/autopilot/hls/hls_video_core.h:643->sobel_hls/src/ov5640_sobel.cpp:18]   --->   Operation 14 'write' <Predicate = true> <Delay = 3.40> <Core = "FIFO">   --->   Core 32 'FIFO' <Latency = 0> <II = 1> <Delay = 3.40> <Storage> <Opcode : 'read' 'write' 'nbread' 'nbwrite'> <Ports = 0> <Width = 32> <Depth = 2> <FIFO>
ST_1 : Operation 15 [1/1] (3.40ns)   --->   "call void @_ssdm_op_Write.ap_fifo.i32P(i32* %img_1_cols_V_out, i32 %cols_read)" [D:/vivado/Vivado/2018.3/common/technology/autopilot/hls/hls_video_core.h:657->D:/vivado/Vivado/2018.3/common/technology/autopilot/hls/hls_video_core.h:642->D:/vivado/Vivado/2018.3/common/technology/autopilot/hls/hls_video_core.h:643->sobel_hls/src/ov5640_sobel.cpp:18]   --->   Operation 15 'write' <Predicate = true> <Delay = 3.40> <Core = "FIFO">   --->   Core 32 'FIFO' <Latency = 0> <II = 1> <Delay = 3.40> <Storage> <Opcode : 'read' 'write' 'nbread' 'nbwrite'> <Ports = 0> <Width = 32> <Depth = 2> <FIFO>
ST_1 : Operation 16 [1/1] (3.40ns)   --->   "call void @_ssdm_op_Write.ap_fifo.i32P(i32* %img_2_rows_V_out, i32 %rows_read)" [D:/vivado/Vivado/2018.3/common/technology/autopilot/hls/hls_video_core.h:656->D:/vivado/Vivado/2018.3/common/technology/autopilot/hls/hls_video_core.h:642->D:/vivado/Vivado/2018.3/common/technology/autopilot/hls/hls_video_core.h:643->sobel_hls/src/ov5640_sobel.cpp:19]   --->   Operation 16 'write' <Predicate = true> <Delay = 3.40> <Core = "FIFO">   --->   Core 32 'FIFO' <Latency = 0> <II = 1> <Delay = 3.40> <Storage> <Opcode : 'read' 'write' 'nbread' 'nbwrite'> <Ports = 0> <Width = 32> <Depth = 2> <FIFO>
ST_1 : Operation 17 [1/1] (3.40ns)   --->   "call void @_ssdm_op_Write.ap_fifo.i32P(i32* %img_2_cols_V_out, i32 %cols_read)" [D:/vivado/Vivado/2018.3/common/technology/autopilot/hls/hls_video_core.h:657->D:/vivado/Vivado/2018.3/common/technology/autopilot/hls/hls_video_core.h:642->D:/vivado/Vivado/2018.3/common/technology/autopilot/hls/hls_video_core.h:643->sobel_hls/src/ov5640_sobel.cpp:19]   --->   Operation 17 'write' <Predicate = true> <Delay = 3.40> <Core = "FIFO">   --->   Core 32 'FIFO' <Latency = 0> <II = 1> <Delay = 3.40> <Storage> <Opcode : 'read' 'write' 'nbread' 'nbwrite'> <Ports = 0> <Width = 32> <Depth = 2> <FIFO>
ST_1 : Operation 18 [1/1] (3.40ns)   --->   "call void @_ssdm_op_Write.ap_fifo.i32P(i32* %img_3_rows_V_out, i32 %rows_read)" [D:/vivado/Vivado/2018.3/common/technology/autopilot/hls/hls_video_core.h:656->D:/vivado/Vivado/2018.3/common/technology/autopilot/hls/hls_video_core.h:642->D:/vivado/Vivado/2018.3/common/technology/autopilot/hls/hls_video_core.h:643->sobel_hls/src/ov5640_sobel.cpp:20]   --->   Operation 18 'write' <Predicate = true> <Delay = 3.40> <Core = "FIFO">   --->   Core 32 'FIFO' <Latency = 0> <II = 1> <Delay = 3.40> <Storage> <Opcode : 'read' 'write' 'nbread' 'nbwrite'> <Ports = 0> <Width = 32> <Depth = 2> <FIFO>
ST_1 : Operation 19 [1/1] (3.40ns)   --->   "call void @_ssdm_op_Write.ap_fifo.i32P(i32* %img_3_cols_V_out, i32 %cols_read)" [D:/vivado/Vivado/2018.3/common/technology/autopilot/hls/hls_video_core.h:657->D:/vivado/Vivado/2018.3/common/technology/autopilot/hls/hls_video_core.h:642->D:/vivado/Vivado/2018.3/common/technology/autopilot/hls/hls_video_core.h:643->sobel_hls/src/ov5640_sobel.cpp:20]   --->   Operation 19 'write' <Predicate = true> <Delay = 3.40> <Core = "FIFO">   --->   Core 32 'FIFO' <Latency = 0> <II = 1> <Delay = 3.40> <Storage> <Opcode : 'read' 'write' 'nbread' 'nbwrite'> <Ports = 0> <Width = 32> <Depth = 2> <FIFO>
ST_1 : Operation 20 [1/1] (0.00ns)   --->   "ret void"   --->   Operation 20 'ret' <Predicate = true> <Delay = 0.00>


============================================================
+ Verbose Summary: Timing violations
============================================================
Target clock period: 10ns, clock uncertainty: 1.25ns.

 <State 1>: 3.4ns
The critical path consists of the following:
	wire read on port 'cols' (sobel_hls/src/ov5640_sobel.cpp:17) [19]  (0 ns)
	fifo write on port 'img_0_cols_V_out' (D:/vivado/Vivado/2018.3/common/technology/autopilot/hls/hls_video_core.h:657->D:/vivado/Vivado/2018.3/common/technology/autopilot/hls/hls_video_core.h:642->D:/vivado/Vivado/2018.3/common/technology/autopilot/hls/hls_video_core.h:643->sobel_hls/src/ov5640_sobel.cpp:17) [22]  (3.4 ns)


============================================================
+ Verbose Summary: Binding
============================================================
N/A
* FSMD analyzer results:
  - Output states:
 - Input state : 
  - Chain level:
	State 1


============================================================
+ Verbose Summary: Datapath Resource usage 
============================================================
N/A
