

================================================================
== Vivado HLS Report for 'CvtColor_1'
================================================================
* Date:           Wed Jul 29 15:03:11 2020

* Version:        2018.3 (Build 2405991 on Thu Dec 06 23:56:15 MST 2018)
* Project:        sobel_hls
* Solution:       solution1
* Product family: zynq
* Target device:  xc7z020clg400-2


================================================================
== Performance Estimates
================================================================
+ Timing (ns): 
    * Summary: 
    +--------+-------+----------+------------+
    |  Clock | Target| Estimated| Uncertainty|
    +--------+-------+----------+------------+
    |ap_clk  |  10.00|     6.802|        1.25|
    +--------+-------+----------+------------+

+ Latency (clock cycles): 
    * Summary: 
    +-----+---------+-----+---------+---------+
    |    Latency    |    Interval   | Pipeline|
    | min |   max   | min |   max   |   Type  |
    +-----+---------+-----+---------+---------+
    |    1|  2076841|    1|  2076841|   none  |
    +-----+---------+-----+---------+---------+

    + Detail: 
        * Instance: 
        N/A

        * Loop: 
        +---------------+-----+---------+----------+-----------+-----------+----------+----------+
        |               |    Latency    | Iteration|  Initiation Interval  |   Trip   |          |
        |   Loop Name   | min |   max   |  Latency |  achieved |   target  |   Count  | Pipelined|
        +---------------+-----+---------+----------+-----------+-----------+----------+----------+
        |- loop_height  |    0|  2076840| 3 ~ 1923 |          -|          -| 0 ~ 1080 |    no    |
        | + loop_width  |    0|     1920|         2|          1|          1| 0 ~ 1920 |    yes   |
        +---------------+-----+---------+----------+-----------+-----------+----------+----------+

============================================================
+ Verbose Summary: Synthesis Manager
============================================================
InlineROM: 1
ExposeGlobal: 0
============================================================
+ Verbose Summary: CDFG Model
============================================================
IsTopModel: 0
ResetActiveHigh: 1
IsCombinational: 2
IsDatapathOnly: 0
HasWiredReturn: 1
HasMFsm: 0
HasVarLatency: 1
IsPipeline: 0
IsRtlPipelined: 0
IsInstanceOverlapped: 0
IsDontTouch: 0
HasImplIP: 0
IsGatedGlobalClock: 0

+ Individual pipeline summary: 
  * Pipeline-0: initiation interval (II) = 1, depth = 2


============================================================
+ Verbose Summary: Schedule
============================================================
* Number of FSM states : 5
* Pipeline : 1
  Pipeline-0 : II = 1, D = 2, States = { 3 4 }
* Dataflow Pipeline: 0

* FSM state transitions: 
1 --> 
	2  / true
2 --> 
	3  / (tmp_i)
3 --> 
	5  / (!tmp_24_i)
	4  / (tmp_24_i)
4 --> 
	3  / true
5 --> 
	2  / true

* FSM state operations: 

State 1 <SV = 0> <Delay = 3.40>
ST_1 : Operation 6 [1/1] (0.00ns)   --->   "call void (...)* @_ssdm_op_SpecInterface(i8* %p_dst_data_stream_2_V, [8 x i8]* @ap_fifo_str, i32 0, i32 0, [1 x i8]* @p_str157, i32 0, i32 0, [1 x i8]* @p_str158, [1 x i8]* @p_str159, [1 x i8]* @p_str160, i32 2, i32 2, i32 16, i32 16, [1 x i8]* @p_str161, [1 x i8]* @p_str162)"   --->   Operation 6 'specinterface' <Predicate = true> <Delay = 0.00>
ST_1 : Operation 7 [1/1] (0.00ns)   --->   "call void (...)* @_ssdm_op_SpecInterface(i8* %p_dst_data_stream_1_V, [8 x i8]* @ap_fifo_str, i32 0, i32 0, [1 x i8]* @p_str150, i32 0, i32 0, [1 x i8]* @p_str151, [1 x i8]* @p_str152, [1 x i8]* @p_str153, i32 2, i32 2, i32 16, i32 16, [1 x i8]* @p_str154, [1 x i8]* @p_str155)"   --->   Operation 7 'specinterface' <Predicate = true> <Delay = 0.00>
ST_1 : Operation 8 [1/1] (0.00ns)   --->   "call void (...)* @_ssdm_op_SpecInterface(i8* %p_dst_data_stream_0_V, [8 x i8]* @ap_fifo_str, i32 0, i32 0, [1 x i8]* @p_str143, i32 0, i32 0, [1 x i8]* @p_str144, [1 x i8]* @p_str145, [1 x i8]* @p_str146, i32 2, i32 2, i32 16, i32 16, [1 x i8]* @p_str147, [1 x i8]* @p_str148)"   --->   Operation 8 'specinterface' <Predicate = true> <Delay = 0.00>
ST_1 : Operation 9 [1/1] (0.00ns)   --->   "call void (...)* @_ssdm_op_SpecInterface(i8* %p_src_data_stream_V, [8 x i8]* @ap_fifo_str, i32 0, i32 0, [1 x i8]* @p_str136, i32 0, i32 0, [1 x i8]* @p_str137, [1 x i8]* @p_str138, [1 x i8]* @p_str139, i32 2, i32 2, i32 16, i32 16, [1 x i8]* @p_str140, [1 x i8]* @p_str141)"   --->   Operation 9 'specinterface' <Predicate = true> <Delay = 0.00>
ST_1 : Operation 10 [1/1] (0.00ns)   --->   "call void (...)* @_ssdm_op_SpecInterface(i32* %p_src_rows_V, [8 x i8]* @ap_fifo_str, i32 0, i32 0, [1 x i8]* @p_str326, i32 0, i32 0, [1 x i8]* @p_str327, [1 x i8]* @p_str328, [1 x i8]* @p_str329, i32 2, i32 2, i32 16, i32 16, [1 x i8]* @p_str330, [11 x i8]* @ScalarProp_str)"   --->   Operation 10 'specinterface' <Predicate = true> <Delay = 0.00>
ST_1 : Operation 11 [1/1] (0.00ns)   --->   "call void (...)* @_ssdm_op_SpecInterface(i32* %p_src_cols_V, [8 x i8]* @ap_fifo_str, i32 0, i32 0, [1 x i8]* @p_str331, i32 0, i32 0, [1 x i8]* @p_str332, [1 x i8]* @p_str333, [1 x i8]* @p_str334, i32 2, i32 2, i32 16, i32 16, [1 x i8]* @p_str335, [11 x i8]* @ScalarProp_str)"   --->   Operation 11 'specinterface' <Predicate = true> <Delay = 0.00>
ST_1 : Operation 12 [1/1] (3.40ns)   --->   "%cols = call i32 @_ssdm_op_Read.ap_fifo.i32P(i32* %p_src_cols_V)" [D:/vivado/Vivado/2018.3/common/technology/autopilot/hls/hls_video_imgproc.h:1961]   --->   Operation 12 'read' 'cols' <Predicate = true> <Delay = 3.40> <Core = "FIFO">   --->   Core 32 'FIFO' <Latency = 0> <II = 1> <Delay = 3.40> <Storage> <Opcode : 'read' 'write' 'nbread' 'nbwrite'> <Ports = 0> <Width = 32> <Depth = 2> <FIFO>
ST_1 : Operation 13 [1/1] (3.40ns)   --->   "%rows = call i32 @_ssdm_op_Read.ap_fifo.i32P(i32* %p_src_rows_V)" [D:/vivado/Vivado/2018.3/common/technology/autopilot/hls/hls_video_imgproc.h:1962]   --->   Operation 13 'read' 'rows' <Predicate = true> <Delay = 3.40> <Core = "FIFO">   --->   Core 32 'FIFO' <Latency = 0> <II = 1> <Delay = 3.40> <Storage> <Opcode : 'read' 'write' 'nbread' 'nbwrite'> <Ports = 0> <Width = 32> <Depth = 2> <FIFO>
ST_1 : Operation 14 [1/1] (0.46ns)   --->   "br label %0" [D:/vivado/Vivado/2018.3/common/technology/autopilot/hls/hls_video_imgproc.h:1967]   --->   Operation 14 'br' <Predicate = true> <Delay = 0.46>

State 2 <SV = 1> <Delay = 2.76>
ST_2 : Operation 15 [1/1] (0.00ns)   --->   "%i_i = phi i31 [ 0, %entry ], [ %i, %3 ]"   --->   Operation 15 'phi' 'i_i' <Predicate = true> <Delay = 0.00>
ST_2 : Operation 16 [1/1] (0.00ns)   --->   "%i_cast_i = zext i31 %i_i to i32" [D:/vivado/Vivado/2018.3/common/technology/autopilot/hls/hls_video_imgproc.h:1967]   --->   Operation 16 'zext' 'i_cast_i' <Predicate = true> <Delay = 0.00>
ST_2 : Operation 17 [1/1] (1.96ns)   --->   "%tmp_i = icmp slt i32 %i_cast_i, %rows" [D:/vivado/Vivado/2018.3/common/technology/autopilot/hls/hls_video_imgproc.h:1967]   --->   Operation 17 'icmp' 'tmp_i' <Predicate = true> <Delay = 1.96> <Core = "Cmp">   --->   Core 25 'Cmp' <Latency = 0> <II = 1> <Delay = 1.96> <FuncUnit> <Opcode : 'icmp'> <InPorts = 2> <OutPorts = 1>
ST_2 : Operation 18 [1/1] (0.00ns)   --->   "call void (...)* @_ssdm_op_SpecLoopTripCount(i64 0, i64 1080, i64 0)"   --->   Operation 18 'speclooptripcount' <Predicate = true> <Delay = 0.00>
ST_2 : Operation 19 [1/1] (1.87ns)   --->   "%i = add i31 %i_i, 1" [D:/vivado/Vivado/2018.3/common/technology/autopilot/hls/hls_video_imgproc.h:1967]   --->   Operation 19 'add' 'i' <Predicate = true> <Delay = 1.87> <Core = "AddSub">   --->   Core 14 'AddSub' <Latency = 0> <II = 1> <Delay = 1.87> <FuncUnit> <Opcode : 'add' 'sub'> <InPorts = 2> <OutPorts = 1>
ST_2 : Operation 20 [1/1] (0.00ns)   --->   "br i1 %tmp_i, label %1, label %.exit" [D:/vivado/Vivado/2018.3/common/technology/autopilot/hls/hls_video_imgproc.h:1967]   --->   Operation 20 'br' <Predicate = true> <Delay = 0.00>
ST_2 : Operation 21 [1/1] (0.00ns)   --->   "call void (...)* @_ssdm_op_SpecLoopName([12 x i8]* @p_str9) nounwind" [D:/vivado/Vivado/2018.3/common/technology/autopilot/hls/hls_video_imgproc.h:1967]   --->   Operation 21 'specloopname' <Predicate = (tmp_i)> <Delay = 0.00>
ST_2 : Operation 22 [1/1] (0.00ns)   --->   "%tmp_i_65 = call i32 (...)* @_ssdm_op_SpecRegionBegin([12 x i8]* @p_str9)" [D:/vivado/Vivado/2018.3/common/technology/autopilot/hls/hls_video_imgproc.h:1967]   --->   Operation 22 'specregionbegin' 'tmp_i_65' <Predicate = (tmp_i)> <Delay = 0.00>
ST_2 : Operation 23 [1/1] (0.46ns)   --->   "br label %2" [D:/vivado/Vivado/2018.3/common/technology/autopilot/hls/hls_video_imgproc.h:1968]   --->   Operation 23 'br' <Predicate = (tmp_i)> <Delay = 0.46>
ST_2 : Operation 24 [1/1] (0.00ns)   --->   "ret void"   --->   Operation 24 'ret' <Predicate = (!tmp_i)> <Delay = 0.00>

State 3 <SV = 2> <Delay = 1.96>
ST_3 : Operation 25 [1/1] (0.00ns)   --->   "%j_i = phi i31 [ 0, %1 ], [ %j, %"operator<<.exit.i" ]"   --->   Operation 25 'phi' 'j_i' <Predicate = true> <Delay = 0.00>
ST_3 : Operation 26 [1/1] (0.00ns)   --->   "%j_cast_i = zext i31 %j_i to i32" [D:/vivado/Vivado/2018.3/common/technology/autopilot/hls/hls_video_imgproc.h:1968]   --->   Operation 26 'zext' 'j_cast_i' <Predicate = true> <Delay = 0.00>
ST_3 : Operation 27 [1/1] (1.96ns)   --->   "%tmp_24_i = icmp slt i32 %j_cast_i, %cols" [D:/vivado/Vivado/2018.3/common/technology/autopilot/hls/hls_video_imgproc.h:1968]   --->   Operation 27 'icmp' 'tmp_24_i' <Predicate = true> <Delay = 1.96> <Core = "Cmp">   --->   Core 25 'Cmp' <Latency = 0> <II = 1> <Delay = 1.96> <FuncUnit> <Opcode : 'icmp'> <InPorts = 2> <OutPorts = 1>
ST_3 : Operation 28 [1/1] (0.00ns)   --->   "call void (...)* @_ssdm_op_SpecLoopTripCount(i64 0, i64 1920, i64 0)"   --->   Operation 28 'speclooptripcount' <Predicate = true> <Delay = 0.00>
ST_3 : Operation 29 [1/1] (1.87ns)   --->   "%j = add i31 %j_i, 1" [D:/vivado/Vivado/2018.3/common/technology/autopilot/hls/hls_video_imgproc.h:1968]   --->   Operation 29 'add' 'j' <Predicate = true> <Delay = 1.87> <Core = "AddSub">   --->   Core 14 'AddSub' <Latency = 0> <II = 1> <Delay = 1.87> <FuncUnit> <Opcode : 'add' 'sub'> <InPorts = 2> <OutPorts = 1>
ST_3 : Operation 30 [1/1] (0.00ns)   --->   "br i1 %tmp_24_i, label %"operator<<.exit.i", label %3" [D:/vivado/Vivado/2018.3/common/technology/autopilot/hls/hls_video_imgproc.h:1968]   --->   Operation 30 'br' <Predicate = true> <Delay = 0.00>

State 4 <SV = 3> <Delay = 6.80>
ST_4 : Operation 31 [1/1] (0.00ns)   --->   "call void (...)* @_ssdm_op_SpecLoopName([11 x i8]* @p_str10) nounwind" [D:/vivado/Vivado/2018.3/common/technology/autopilot/hls/hls_video_imgproc.h:1968]   --->   Operation 31 'specloopname' <Predicate = (tmp_24_i)> <Delay = 0.00>
ST_4 : Operation 32 [1/1] (0.00ns)   --->   "%tmp_28_i = call i32 (...)* @_ssdm_op_SpecRegionBegin([11 x i8]* @p_str10)" [D:/vivado/Vivado/2018.3/common/technology/autopilot/hls/hls_video_imgproc.h:1968]   --->   Operation 32 'specregionbegin' 'tmp_28_i' <Predicate = (tmp_24_i)> <Delay = 0.00>
ST_4 : Operation 33 [1/1] (0.00ns)   --->   "call void (...)* @_ssdm_op_SpecPipeline(i32 -1, i32 1, i32 1, i32 0, [1 x i8]* @p_str2) nounwind" [D:/vivado/Vivado/2018.3/common/technology/autopilot/hls/hls_video_imgproc.h:1970]   --->   Operation 33 'specpipeline' <Predicate = (tmp_24_i)> <Delay = 0.00>
ST_4 : Operation 34 [1/1] (0.00ns)   --->   "%tmp_29_i = call i32 (...)* @_ssdm_op_SpecRegionBegin([12 x i8]* @p_str20)" [D:/vivado/Vivado/2018.3/common/technology/autopilot/hls/hls_video_core.h:672->D:/vivado/Vivado/2018.3/common/technology/autopilot/hls/hls_video_core.h:711->D:/vivado/Vivado/2018.3/common/technology/autopilot/hls/hls_video_imgproc.h:1971]   --->   Operation 34 'specregionbegin' 'tmp_29_i' <Predicate = (tmp_24_i)> <Delay = 0.00>
ST_4 : Operation 35 [1/1] (0.00ns)   --->   "call void (...)* @_ssdm_op_SpecProtocol(i32 0, [1 x i8]* @p_str2) nounwind" [D:/vivado/Vivado/2018.3/common/technology/autopilot/hls/hls_video_core.h:676->D:/vivado/Vivado/2018.3/common/technology/autopilot/hls/hls_video_core.h:711->D:/vivado/Vivado/2018.3/common/technology/autopilot/hls/hls_video_imgproc.h:1971]   --->   Operation 35 'specprotocol' <Predicate = (tmp_24_i)> <Delay = 0.00>
ST_4 : Operation 36 [1/1] (3.40ns)   --->   "%tmp = call i8 @_ssdm_op_Read.ap_fifo.volatile.i8P(i8* %p_src_data_stream_V)" [D:/vivado/Vivado/2018.3/common/technology/autopilot/hls/hls_video_core.h:679->D:/vivado/Vivado/2018.3/common/technology/autopilot/hls/hls_video_core.h:711->D:/vivado/Vivado/2018.3/common/technology/autopilot/hls/hls_video_imgproc.h:1971]   --->   Operation 36 'read' 'tmp' <Predicate = (tmp_24_i)> <Delay = 3.40> <Core = "FIFO">   --->   Core 32 'FIFO' <Latency = 0> <II = 1> <Delay = 3.40> <Storage> <Opcode : 'read' 'write' 'nbread' 'nbwrite'> <Ports = 0> <Width = 32> <Depth = 2> <FIFO>
ST_4 : Operation 37 [1/1] (0.00ns)   --->   "%empty = call i32 (...)* @_ssdm_op_SpecRegionEnd([12 x i8]* @p_str20, i32 %tmp_29_i)" [D:/vivado/Vivado/2018.3/common/technology/autopilot/hls/hls_video_core.h:681->D:/vivado/Vivado/2018.3/common/technology/autopilot/hls/hls_video_core.h:711->D:/vivado/Vivado/2018.3/common/technology/autopilot/hls/hls_video_imgproc.h:1971]   --->   Operation 37 'specregionend' 'empty' <Predicate = (tmp_24_i)> <Delay = 0.00>
ST_4 : Operation 38 [1/1] (0.00ns)   --->   "%tmp_30_i = call i32 (...)* @_ssdm_op_SpecRegionBegin([12 x i8]* @p_str18)" [D:/vivado/Vivado/2018.3/common/technology/autopilot/hls/hls_video_core.h:696->D:/vivado/Vivado/2018.3/common/technology/autopilot/hls/hls_video_core.h:717->D:/vivado/Vivado/2018.3/common/technology/autopilot/hls/hls_video_imgproc.h:1973]   --->   Operation 38 'specregionbegin' 'tmp_30_i' <Predicate = (tmp_24_i)> <Delay = 0.00>
ST_4 : Operation 39 [1/1] (0.00ns)   --->   "call void (...)* @_ssdm_op_SpecProtocol(i32 0, [1 x i8]* @p_str2) nounwind" [D:/vivado/Vivado/2018.3/common/technology/autopilot/hls/hls_video_core.h:700->D:/vivado/Vivado/2018.3/common/technology/autopilot/hls/hls_video_core.h:717->D:/vivado/Vivado/2018.3/common/technology/autopilot/hls/hls_video_imgproc.h:1973]   --->   Operation 39 'specprotocol' <Predicate = (tmp_24_i)> <Delay = 0.00>
ST_4 : Operation 40 [1/1] (3.40ns)   --->   "call void @_ssdm_op_Write.ap_fifo.volatile.i8P(i8* %p_dst_data_stream_0_V, i8 %tmp)" [D:/vivado/Vivado/2018.3/common/technology/autopilot/hls/hls_video_core.h:703->D:/vivado/Vivado/2018.3/common/technology/autopilot/hls/hls_video_core.h:717->D:/vivado/Vivado/2018.3/common/technology/autopilot/hls/hls_video_imgproc.h:1973]   --->   Operation 40 'write' <Predicate = (tmp_24_i)> <Delay = 3.40> <Core = "FIFO">   --->   Core 32 'FIFO' <Latency = 0> <II = 1> <Delay = 3.40> <Storage> <Opcode : 'read' 'write' 'nbread' 'nbwrite'> <Ports = 0> <Width = 32> <Depth = 2> <FIFO>
ST_4 : Operation 41 [1/1] (3.40ns)   --->   "call void @_ssdm_op_Write.ap_fifo.volatile.i8P(i8* %p_dst_data_stream_1_V, i8 %tmp)" [D:/vivado/Vivado/2018.3/common/technology/autopilot/hls/hls_video_core.h:703->D:/vivado/Vivado/2018.3/common/technology/autopilot/hls/hls_video_core.h:717->D:/vivado/Vivado/2018.3/common/technology/autopilot/hls/hls_video_imgproc.h:1973]   --->   Operation 41 'write' <Predicate = (tmp_24_i)> <Delay = 3.40> <Core = "FIFO">   --->   Core 32 'FIFO' <Latency = 0> <II = 1> <Delay = 3.40> <Storage> <Opcode : 'read' 'write' 'nbread' 'nbwrite'> <Ports = 0> <Width = 32> <Depth = 2> <FIFO>
ST_4 : Operation 42 [1/1] (3.40ns)   --->   "call void @_ssdm_op_Write.ap_fifo.volatile.i8P(i8* %p_dst_data_stream_2_V, i8 %tmp)" [D:/vivado/Vivado/2018.3/common/technology/autopilot/hls/hls_video_core.h:703->D:/vivado/Vivado/2018.3/common/technology/autopilot/hls/hls_video_core.h:717->D:/vivado/Vivado/2018.3/common/technology/autopilot/hls/hls_video_imgproc.h:1973]   --->   Operation 42 'write' <Predicate = (tmp_24_i)> <Delay = 3.40> <Core = "FIFO">   --->   Core 32 'FIFO' <Latency = 0> <II = 1> <Delay = 3.40> <Storage> <Opcode : 'read' 'write' 'nbread' 'nbwrite'> <Ports = 0> <Width = 32> <Depth = 2> <FIFO>
ST_4 : Operation 43 [1/1] (0.00ns)   --->   "%empty_66 = call i32 (...)* @_ssdm_op_SpecRegionEnd([12 x i8]* @p_str18, i32 %tmp_30_i)" [D:/vivado/Vivado/2018.3/common/technology/autopilot/hls/hls_video_core.h:705->D:/vivado/Vivado/2018.3/common/technology/autopilot/hls/hls_video_core.h:717->D:/vivado/Vivado/2018.3/common/technology/autopilot/hls/hls_video_imgproc.h:1973]   --->   Operation 43 'specregionend' 'empty_66' <Predicate = (tmp_24_i)> <Delay = 0.00>
ST_4 : Operation 44 [1/1] (0.00ns)   --->   "%empty_67 = call i32 (...)* @_ssdm_op_SpecRegionEnd([11 x i8]* @p_str10, i32 %tmp_28_i)" [D:/vivado/Vivado/2018.3/common/technology/autopilot/hls/hls_video_imgproc.h:1974]   --->   Operation 44 'specregionend' 'empty_67' <Predicate = (tmp_24_i)> <Delay = 0.00>
ST_4 : Operation 45 [1/1] (0.00ns)   --->   "br label %2" [D:/vivado/Vivado/2018.3/common/technology/autopilot/hls/hls_video_imgproc.h:1968]   --->   Operation 45 'br' <Predicate = (tmp_24_i)> <Delay = 0.00>

State 5 <SV = 3> <Delay = 0.00>
ST_5 : Operation 46 [1/1] (0.00ns)   --->   "%empty_68 = call i32 (...)* @_ssdm_op_SpecRegionEnd([12 x i8]* @p_str9, i32 %tmp_i_65)" [D:/vivado/Vivado/2018.3/common/technology/autopilot/hls/hls_video_imgproc.h:1975]   --->   Operation 46 'specregionend' 'empty_68' <Predicate = true> <Delay = 0.00>
ST_5 : Operation 47 [1/1] (0.00ns)   --->   "br label %0" [D:/vivado/Vivado/2018.3/common/technology/autopilot/hls/hls_video_imgproc.h:1967]   --->   Operation 47 'br' <Predicate = true> <Delay = 0.00>


============================================================
+ Verbose Summary: Timing violations
============================================================
Target clock period: 10ns, clock uncertainty: 1.25ns.

 <State 1>: 3.4ns
The critical path consists of the following:
	fifo read on port 'p_src_cols_V' (D:/vivado/Vivado/2018.3/common/technology/autopilot/hls/hls_video_imgproc.h:1961) [13]  (3.4 ns)

 <State 2>: 2.77ns
The critical path consists of the following:
	'icmp' operation ('tmp_i', D:/vivado/Vivado/2018.3/common/technology/autopilot/hls/hls_video_imgproc.h:1967) [19]  (1.97 ns)
	blocking operation 0.8 ns on control path)

 <State 3>: 1.97ns
The critical path consists of the following:
	'phi' operation ('j') with incoming values : ('j', D:/vivado/Vivado/2018.3/common/technology/autopilot/hls/hls_video_imgproc.h:1968) [28]  (0 ns)
	'icmp' operation ('tmp_24_i', D:/vivado/Vivado/2018.3/common/technology/autopilot/hls/hls_video_imgproc.h:1968) [30]  (1.97 ns)

 <State 4>: 6.8ns
The critical path consists of the following:
	fifo read on port 'p_src_data_stream_V' (D:/vivado/Vivado/2018.3/common/technology/autopilot/hls/hls_video_core.h:679->D:/vivado/Vivado/2018.3/common/technology/autopilot/hls/hls_video_core.h:711->D:/vivado/Vivado/2018.3/common/technology/autopilot/hls/hls_video_imgproc.h:1971) [40]  (3.4 ns)
	fifo write on port 'p_dst_data_stream_0_V' (D:/vivado/Vivado/2018.3/common/technology/autopilot/hls/hls_video_core.h:703->D:/vivado/Vivado/2018.3/common/technology/autopilot/hls/hls_video_core.h:717->D:/vivado/Vivado/2018.3/common/technology/autopilot/hls/hls_video_imgproc.h:1973) [44]  (3.4 ns)

 <State 5>: 0ns
The critical path consists of the following:


============================================================
+ Verbose Summary: Binding
============================================================
N/A
* FSMD analyzer results:
  - Output states:
 - Input state : 
  - Chain level:
	State 1
	State 2
	State 3
	State 4
	State 5


============================================================
+ Verbose Summary: Datapath Resource usage 
============================================================
N/A
